{
  "stats": {
    "suites": 1,
    "tests": 2,
    "passes": 2,
    "pending": 0,
    "failures": 0,
    "start": "2024-08-23T05:53:09.803Z",
    "end": "2024-08-23T05:53:24.823Z",
    "duration": 15020,
    "testsRegistered": 2,
    "passPercent": 100,
    "pendingPercent": 0,
    "other": 0,
    "hasOther": false,
    "skipped": 0,
    "hasSkipped": false
  },
  "results": [
    {
      "uuid": "a2eb75fe-4ec8-4057-9896-712fbafde368",
      "title": "",
      "fullFile": "cypress/e2e/cookies.cy.ts",
      "file": "cypress/e2e/cookies.cy.ts",
      "beforeHooks": [],
      "afterHooks": [],
      "tests": [],
      "suites": [
        {
          "uuid": "d2b26220-2fe7-4292-a323-5c70e9bb4a11",
          "title": "COOKIES",
          "fullFile": "",
          "file": "",
          "beforeHooks": [],
          "afterHooks": [],
          "tests": [
            {
              "title": "Create cookies with cy.session",
              "fullTitle": "COOKIES Create cookies with cy.session",
              "timedOut": null,
              "duration": 12024,
              "state": "passed",
              "speed": "slow",
              "pass": true,
              "fail": false,
              "pending": false,
              "context": "{\n  \"title\": \"cypress-mochawesome-reporter-videos-passed\",\n  \"value\": \"cypress/e2e/cookies.cy.ts\"\n}",
              "code": "cy.visit(\"\".concat(Cypress.env('demoQa'), \"/login\"));\ncy.url().then(function (url) {\n    cy.log(url);\n});",
              "err": {},
              "uuid": "4ce6c575-66c7-4461-8fd8-9a9b90214169",
              "parentUUID": "d2b26220-2fe7-4292-a323-5c70e9bb4a11",
              "isHook": false,
              "skipped": false
            },
            {
              "title": "Create cookies with cy.session",
              "fullTitle": "COOKIES Create cookies with cy.session",
              "timedOut": null,
              "duration": 2157,
              "state": "passed",
              "speed": "fast",
              "pass": true,
              "fail": false,
              "pending": false,
              "context": "{\n  \"title\": \"cypress-mochawesome-reporter-videos-passed\",\n  \"value\": \"cypress/e2e/cookies.cy.ts\"\n}",
              "code": "cy.visit(\"\".concat(Cypress.env('demoQa'), \"/login\"));\ncy.contains('Log out');",
              "err": {},
              "uuid": "c5c70c1a-2065-460f-abe7-8df6162ac313",
              "parentUUID": "d2b26220-2fe7-4292-a323-5c70e9bb4a11",
              "isHook": false,
              "skipped": false
            }
          ],
          "suites": [],
          "passes": [
            "4ce6c575-66c7-4461-8fd8-9a9b90214169",
            "c5c70c1a-2065-460f-abe7-8df6162ac313"
          ],
          "failures": [],
          "pending": [],
          "skipped": [],
          "duration": 14181,
          "root": false,
          "rootEmpty": false,
          "_timeout": 2000
        }
      ],
      "passes": [],
      "failures": [],
      "pending": [],
      "skipped": [],
      "duration": 0,
      "root": true,
      "rootEmpty": true,
      "_timeout": 2000
    }
  ],
  "meta": {
    "mocha": {
      "version": "7.0.1"
    },
    "mochawesome": {
      "options": {
        "quiet": false,
        "reportFilename": "mochawesome",
        "saveHtml": false,
        "saveJson": true,
        "consoleReporter": "spec",
        "useInlineDiffs": false,
        "code": true
      },
      "version": "7.1.3"
    },
    "marge": {
      "options": {
        "charts": true,
        "reportPageTitle": "LecturePasv",
        "embeddedScreenshots": true,
        "inlineAssets": true,
        "saveAllAttempts": false,
        "overwrite": false,
        "html": false,
        "json": true,
        "reportDir": "cypress/reports/html/.jsons"
      },
      "version": "6.2.0"
    }
  }
}