{
  "stats": {
    "suites": 1,
    "tests": 1,
    "passes": 1,
    "pending": 0,
    "failures": 0,
    "start": "2024-08-23T05:52:51.601Z",
    "end": "2024-08-23T05:53:08.162Z",
    "duration": 16561,
    "testsRegistered": 1,
    "passPercent": 100,
    "pendingPercent": 0,
    "other": 0,
    "hasOther": false,
    "skipped": 0,
    "hasSkipped": false
  },
  "results": [
    {
      "uuid": "3a6e5de5-85ef-4e4c-b0cd-64dedd757770",
      "title": "",
      "fullFile": "cypress/e2e/clientSideDelay.cy.ts",
      "file": "cypress/e2e/clientSideDelay.cy.ts",
      "beforeHooks": [],
      "afterHooks": [],
      "tests": [],
      "suites": [
        {
          "uuid": "5980bb6c-af51-4253-9636-152d308923b5",
          "title": "CLIENT SIDE DELAY",
          "fullFile": "",
          "file": "",
          "beforeHooks": [],
          "afterHooks": [],
          "tests": [
            {
              "title": "test",
              "fullTitle": "CLIENT SIDE DELAY test",
              "timedOut": null,
              "duration": 16530,
              "state": "passed",
              "speed": "slow",
              "pass": true,
              "fail": false,
              "pending": false,
              "context": "{\n  \"title\": \"cypress-mochawesome-reporter-videos-passed\",\n  \"value\": \"cypress/e2e/clientSideDelay.cy.ts\"\n}",
              "code": "cy.visit('/clientdelay');\ncy.get('#ajaxButton').should('be.visible').and('exist').click();\ncy.get('#spinner').should('be.visible');\ncy.get('.bg-success').should('have.text', 'Data calculated on the client side.');",
              "err": {},
              "uuid": "694b4174-8121-4b92-9a6f-39f3a1ed1887",
              "parentUUID": "5980bb6c-af51-4253-9636-152d308923b5",
              "isHook": false,
              "skipped": false
            }
          ],
          "suites": [],
          "passes": [
            "694b4174-8121-4b92-9a6f-39f3a1ed1887"
          ],
          "failures": [],
          "pending": [],
          "skipped": [],
          "duration": 16530,
          "root": false,
          "rootEmpty": false,
          "_timeout": 2000
        }
      ],
      "passes": [],
      "failures": [],
      "pending": [],
      "skipped": [],
      "duration": 0,
      "root": true,
      "rootEmpty": true,
      "_timeout": 2000
    }
  ],
  "meta": {
    "mocha": {
      "version": "7.0.1"
    },
    "mochawesome": {
      "options": {
        "quiet": false,
        "reportFilename": "mochawesome",
        "saveHtml": false,
        "saveJson": true,
        "consoleReporter": "spec",
        "useInlineDiffs": false,
        "code": true
      },
      "version": "7.1.3"
    },
    "marge": {
      "options": {
        "charts": true,
        "reportPageTitle": "LecturePasv",
        "embeddedScreenshots": true,
        "inlineAssets": true,
        "saveAllAttempts": false,
        "overwrite": false,
        "html": false,
        "json": true,
        "reportDir": "cypress/reports/html/.jsons"
      },
      "version": "6.2.0"
    }
  }
}