{
  "stats": {
    "suites": 1,
    "tests": 1,
    "passes": 0,
    "pending": 0,
    "failures": 1,
    "start": "2024-08-23T05:52:26.931Z",
    "end": "2024-08-23T05:52:49.974Z",
    "duration": 23043,
    "testsRegistered": 1,
    "passPercent": 0,
    "pendingPercent": 0,
    "other": 0,
    "hasOther": false,
    "skipped": 0,
    "hasSkipped": false
  },
  "results": [
    {
      "uuid": "348eb1fa-a12e-403a-985c-9577e33973b6",
      "title": "",
      "fullFile": "cypress/e2e/autofill.cy.ts",
      "file": "cypress/e2e/autofill.cy.ts",
      "beforeHooks": [],
      "afterHooks": [],
      "tests": [],
      "suites": [
        {
          "uuid": "b5106389-9d11-49e0-9aed-c58a95e039d9",
          "title": "AUTOFILL",
          "fullFile": "",
          "file": "",
          "beforeHooks": [],
          "afterHooks": [],
          "tests": [
            {
              "title": "Verify that autofill is working",
              "fullTitle": "AUTOFILL Verify that autofill is working",
              "timedOut": null,
              "duration": 5279,
              "state": "failed",
              "speed": null,
              "pass": false,
              "fail": true,
              "pending": false,
              "context": "[\n  {\n    \"title\": \"cypress-mochawesome-reporter-videos-failed\",\n    \"value\": \"cypress/e2e/autofill.cy.ts\"\n  },\n  {\n    \"title\": \"cypress-mochawesome-reporter-screenshots\",\n    \"value\": [\n      [\n        \"/autofill.cy.ts/AUTOFILL -- Verify that autofill is working (failed).png\"\n      ],\n      [\n        \"/autofill.cy.ts/AUTOFILL -- Verify that autofill is working (failed) (attempt 2).png\"\n      ],\n      [\n        \"/autofill.cy.ts/AUTOFILL -- Verify that autofill is working (failed) (attempt 3).png\"\n      ],\n      [\n        \"/autofill.cy.ts/Verify that autofill is working -- before each hook (failed) (attempt 4).png\"\n      ]\n    ]\n  }\n]",
              "code": "Autofill_1.autoFill.autoComplete();",
              "err": {
                "message": "CypressError: Timed out after waiting `5000ms` for your remote page to load.\n\nYour page did not fire its `load` event within `5000ms`.\n\nYou can try increasing the `pageLoadTimeout` value in `cypress.config.ts` to wait longer.\n\nBrowsers will not fire the `load` event until all stylesheets and scripts are done downloading.\n\nWhen this `load` event occurs, Cypress will continue running commands.\n\nBecause this error occurred during a `before each` hook we are skipping all of the remaining tests.",
                "estack": "CypressError: Timed out after waiting `5000ms` for your remote page to load.\n\nYour page did not fire its `load` event within `5000ms`.\n\nYou can try increasing the `pageLoadTimeout` value in `cypress.config.ts` to wait longer.\n\nBrowsers will not fire the `load` event until all stylesheets and scripts are done downloading.\n\nWhen this `load` event occurs, Cypress will continue running commands.\n\nBecause this error occurred during a `before each` hook we are skipping all of the remaining tests.\n    at timedOutWaitingForPageLoad (https://demoqa.com/__cypress/runner/cypress_runner.js:130946:64)\n    at <unknown> (https://demoqa.com/__cypress/runner/cypress_runner.js:131931:16)\n    at tryCatcher (https://demoqa.com/__cypress/runner/cypress_runner.js:1807:23)\n    at <unknown> (https://demoqa.com/__cypress/runner/cypress_runner.js:4186:41)\n    at tryCatcher (https://demoqa.com/__cypress/runner/cypress_runner.js:1807:23)\n    at Promise._settlePromiseFromHandler (https://demoqa.com/__cypress/runner/cypress_runner.js:1519:31)\n    at Promise._settlePromise (https://demoqa.com/__cypress/runner/cypress_runner.js:1576:18)\n    at Promise._settlePromise0 (https://demoqa.com/__cypress/runner/cypress_runner.js:1621:10)\n    at Promise._settlePromises (https://demoqa.com/__cypress/runner/cypress_runner.js:1697:18)\n    at _drainQueueStep (https://demoqa.com/__cypress/runner/cypress_runner.js:2407:12)\n    at _drainQueue (https://demoqa.com/__cypress/runner/cypress_runner.js:2400:9)\n    at Async._drainQueues (https://demoqa.com/__cypress/runner/cypress_runner.js:2416:5)\n    at Async.drainQueues (https://demoqa.com/__cypress/runner/cypress_runner.js:2286:14)\nFrom Your Spec Code:\n    at Context.eval (webpack://cypressautomation/./cypress/e2e/autofill.cy.ts:5:0)",
                "diff": null
              },
              "uuid": "832be449-cb8e-4231-b98c-19257cb297a9",
              "parentUUID": "b5106389-9d11-49e0-9aed-c58a95e039d9",
              "isHook": false,
              "skipped": false
            }
          ],
          "suites": [],
          "passes": [],
          "failures": [
            "832be449-cb8e-4231-b98c-19257cb297a9"
          ],
          "pending": [],
          "skipped": [],
          "duration": 5279,
          "root": false,
          "rootEmpty": false,
          "_timeout": 2000
        }
      ],
      "passes": [],
      "failures": [],
      "pending": [],
      "skipped": [],
      "duration": 0,
      "root": true,
      "rootEmpty": true,
      "_timeout": 2000
    }
  ],
  "meta": {
    "mocha": {
      "version": "7.0.1"
    },
    "mochawesome": {
      "options": {
        "quiet": false,
        "reportFilename": "mochawesome",
        "saveHtml": false,
        "saveJson": true,
        "consoleReporter": "spec",
        "useInlineDiffs": false,
        "code": true
      },
      "version": "7.1.3"
    },
    "marge": {
      "options": {
        "charts": true,
        "reportPageTitle": "LecturePasv",
        "embeddedScreenshots": true,
        "inlineAssets": true,
        "saveAllAttempts": false,
        "overwrite": false,
        "html": false,
        "json": true,
        "reportDir": "cypress/reports/html/.jsons"
      },
      "version": "6.2.0"
    }
  }
}